2025-10-28 17:02:37,458 : INFO : Test_login : test_checkurl001 : 14 : test_checkurl001 is start
2025-10-28 17:02:37,458 : INFO : Test_login : test_checkurl001 : 15 : opening the browser
2025-10-28 17:02:37,458 : INFO : Test_login : test_checkurl001 : 17 : Capturing page title
2025-10-28 17:02:37,471 : INFO : Test_login : test_checkurl001 : 18 : captured title is--->OrangeHRM
2025-10-28 17:02:39,492 : INFO : Test_login : test_checkurl001 : 22 : Taking screenshot
2025-10-28 17:02:39,640 : INFO : Test_login : test_checkurl001 : 24 : test_checkurl001 is pass
2025-10-28 17:02:39,640 : INFO : Test_login : test_checkurl001 : 29 : test_checkurl001 is end
2025-10-28 17:02:39,640 : INFO : Test_login : test_checkurl001 : 30 : browser closed
2025-10-28 17:02:47,733 : INFO : Test_login : test_checklogin002 : 34 : test_checklogin002 is start
2025-10-28 17:02:47,733 : INFO : Test_login : test_checklogin002 : 35 : opening the browser
2025-10-28 17:02:47,733 : INFO : Test_login : test_checklogin002 : 38 : enter username
2025-10-28 17:02:47,733 : INFO : Test_login : test_checklogin002 : 39 : username is--->Admin
2025-10-28 17:02:48,719 : INFO : Test_login : test_checklogin002 : 41 : enter password
2025-10-28 17:02:48,719 : INFO : Test_login : test_checklogin002 : 42 : password is--->admin123
2025-10-28 17:02:48,859 : INFO : Test_login : test_checklogin002 : 44 : click on login button
2025-10-28 17:02:49,018 : INFO : Test_login : test_checklogin002 : 47 : validate login status
2025-10-28 17:02:54,236 : INFO : Test_login : test_checklogin002 : 50 : Taking screenshot
2025-10-28 17:02:54,386 : INFO : Test_login : test_checklogin002 : 52 : click on dropdown menu
2025-10-28 17:02:54,500 : INFO : Test_login : test_checklogin002 : 54 : click on logout button
2025-10-28 17:02:55,653 : INFO : Test_login : test_checklogin002 : 56 : test_checklogin002 is pass
2025-10-28 17:02:55,653 : INFO : Test_login : test_checklogin002 : 65 : test_checklogin002 is end
2025-10-28 17:02:55,653 : INFO : Test_login : test_checklogin002 : 66 : browser closed

2025-10-28 17:35:04,913 : INFO : Test_login_params : test_checklogin_params003 : 11 : test_checklogin_params003 is start
2025-10-28 17:35:04,913 : INFO : Test_login_params : test_checklogin_params003 : 12 : opening the browser
2025-10-28 17:35:04,913 : INFO : Test_login_params : test_checklogin_params003 : 15 : enter username
2025-10-28 17:35:04,913 : INFO : Test_login_params : test_checklogin_params003 : 16 : username is--->Admin
2025-10-28 17:35:06,312 : INFO : Test_login_params : test_checklogin_params003 : 18 : enter password
2025-10-28 17:35:06,312 : INFO : Test_login_params : test_checklogin_params003 : 19 : password is--->admin123
2025-10-28 17:35:06,484 : INFO : Test_login_params : test_checklogin_params003 : 21 : click on login button
2025-10-28 17:35:06,695 : INFO : Test_login_params : test_checklogin_params003 : 24 : validate login status
2025-10-28 17:35:11,914 : INFO : Test_login_params : test_checklogin_params003 : 27 : Taking screenshot
2025-10-28 17:35:12,121 : INFO : Test_login_params : test_checklogin_params003 : 29 : click on dropdown menu
2025-10-28 17:35:12,244 : INFO : Test_login_params : test_checklogin_params003 : 31 : click on logout button
2025-10-28 17:35:13,455 : INFO : Test_login_params : test_checklogin_params003 : 33 : test_checklogin_params003 is pass
2025-10-28 17:35:13,455 : INFO : Test_login_params : test_checklogin_params003 : 58 : test_checklogin_params003 is end
2025-10-28 17:35:13,455 : INFO : Test_login_params : test_checklogin_params003 : 59 : browser closed
2025-10-28 17:35:22,972 : INFO : Test_login_params : test_checklogin_params003 : 11 : test_checklogin_params003 is start
2025-10-28 17:35:22,972 : INFO : Test_login_params : test_checklogin_params003 : 12 : opening the browser
2025-10-28 17:35:22,972 : INFO : Test_login_params : test_checklogin_params003 : 15 : enter username
2025-10-28 17:35:22,972 : INFO : Test_login_params : test_checklogin_params003 : 16 : username is--->Admin1
2025-10-28 17:35:24,041 : INFO : Test_login_params : test_checklogin_params003 : 18 : enter password
2025-10-28 17:35:24,041 : INFO : Test_login_params : test_checklogin_params003 : 19 : password is--->admin123
2025-10-28 17:35:24,159 : INFO : Test_login_params : test_checklogin_params003 : 21 : click on login button
2025-10-28 17:35:24,284 : INFO : Test_login_params : test_checklogin_params003 : 24 : validate login status
2025-10-28 17:35:46,384 : INFO : Test_login_params : test_checklogin_params003 : 53 : Taking screenshot
2025-10-28 17:35:46,580 : INFO : Test_login_params : test_checklogin_params003 : 55 : test_checklogin_params003 is fail
2025-10-28 17:35:46,580 : INFO : Test_login_params : test_checklogin_params003 : 58 : test_checklogin_params003 is end
2025-10-28 17:35:46,580 : INFO : Test_login_params : test_checklogin_params003 : 59 : browser closed
2025-10-28 17:35:55,894 : INFO : Test_login_params : test_checklogin_params003 : 11 : test_checklogin_params003 is start
2025-10-28 17:35:55,894 : INFO : Test_login_params : test_checklogin_params003 : 12 : opening the browser
2025-10-28 17:35:55,894 : INFO : Test_login_params : test_checklogin_params003 : 15 : enter username
2025-10-28 17:35:55,894 : INFO : Test_login_params : test_checklogin_params003 : 16 : username is--->Admin
2025-10-28 17:35:58,180 : INFO : Test_login_params : test_checklogin_params003 : 18 : enter password
2025-10-28 17:35:58,180 : INFO : Test_login_params : test_checklogin_params003 : 19 : password is--->admin1234
2025-10-28 17:35:58,290 : INFO : Test_login_params : test_checklogin_params003 : 21 : click on login button
2025-10-28 17:35:58,415 : INFO : Test_login_params : test_checklogin_params003 : 24 : validate login status
2025-10-28 17:36:20,658 : INFO : Test_login_params : test_checklogin_params003 : 53 : Taking screenshot
2025-10-28 17:36:20,861 : INFO : Test_login_params : test_checklogin_params003 : 55 : test_checklogin_params003 is fail
2025-10-28 17:36:20,861 : INFO : Test_login_params : test_checklogin_params003 : 58 : test_checklogin_params003 is end
2025-10-28 17:36:20,861 : INFO : Test_login_params : test_checklogin_params003 : 59 : browser closed
2025-10-28 17:36:30,804 : INFO : Test_login_params : test_checklogin_params003 : 11 : test_checklogin_params003 is start
2025-10-28 17:36:30,804 : INFO : Test_login_params : test_checklogin_params003 : 12 : opening the browser
2025-10-28 17:36:30,804 : INFO : Test_login_params : test_checklogin_params003 : 15 : enter username
2025-10-28 17:36:30,804 : INFO : Test_login_params : test_checklogin_params003 : 16 : username is--->Admin1
2025-10-28 17:36:31,826 : INFO : Test_login_params : test_checklogin_params003 : 18 : enter password
2025-10-28 17:36:31,826 : INFO : Test_login_params : test_checklogin_params003 : 19 : password is--->admin1234
2025-10-28 17:36:31,946 : INFO : Test_login_params : test_checklogin_params003 : 21 : click on login button
2025-10-28 17:36:32,086 : INFO : Test_login_params : test_checklogin_params003 : 24 : validate login status
2025-10-28 17:36:54,248 : INFO : Test_login_params : test_checklogin_params003 : 53 : Taking screenshot
2025-10-28 17:36:54,457 : INFO : Test_login_params : test_checklogin_params003 : 55 : test_checklogin_params003 is fail
2025-10-28 17:36:54,457 : INFO : Test_login_params : test_checklogin_params003 : 58 : test_checklogin_params003 is end
2025-10-28 17:36:54,457 : INFO : Test_login_params : test_checklogin_params003 : 59 : browser closed

2025-10-29 06:55:30,382 : INFO : Test_login_DTT : test_checklogin_DDT004 : 12 : test_checklogin_DDT004 is start
2025-10-29 06:55:30,390 : INFO : Test_login_DTT : test_checklogin_DDT004 : 13 : opening the browser
2025-10-29 06:55:30,406 : INFO : Test_login_DTT : test_checklogin_DDT004 : 18 : rows in our excel sheet--->5
2025-10-29 06:55:30,431 : INFO : Test_login_DTT : test_checklogin_DDT004 : 27 : this username and password entered for row no 2
2025-10-29 06:55:30,431 : INFO : Test_login_DTT : test_checklogin_DDT004 : 28 : enter username
2025-10-29 06:55:30,431 : INFO : Test_login_DTT : test_checklogin_DDT004 : 29 : username is--->Admin
2025-10-29 06:55:31,831 : INFO : Test_login_DTT : test_checklogin_DDT004 : 31 : enter password
2025-10-29 06:55:31,831 : INFO : Test_login_DTT : test_checklogin_DDT004 : 32 : password is--->admin123
2025-10-29 06:55:31,972 : INFO : Test_login_DTT : test_checklogin_DDT004 : 34 : click on login button
2025-10-29 06:55:32,220 : INFO : Test_login_DTT : test_checklogin_DDT004 : 36 : validate login status
2025-10-29 06:55:34,635 : INFO : Test_login_DTT : test_checklogin_DDT004 : 38 : appending value in list
2025-10-29 06:55:37,668 : INFO : Test_login_DTT : test_checklogin_DDT004 : 42 : Taking screenshot
2025-10-29 06:55:37,880 : INFO : Test_login_DTT : test_checklogin_DDT004 : 44 : click on dropdown menu
2025-10-29 06:55:38,021 : INFO : Test_login_DTT : test_checklogin_DDT004 : 46 : click on logout button
2025-10-29 06:55:39,930 : INFO : Test_login_DTT : test_checklogin_DDT004 : 27 : this username and password entered for row no 3
2025-10-29 06:55:39,930 : INFO : Test_login_DTT : test_checklogin_DDT004 : 28 : enter username
2025-10-29 06:55:39,930 : INFO : Test_login_DTT : test_checklogin_DDT004 : 29 : username is--->Admin1
2025-10-29 06:55:40,484 : INFO : Test_login_DTT : test_checklogin_DDT004 : 31 : enter password
2025-10-29 06:55:40,485 : INFO : Test_login_DTT : test_checklogin_DDT004 : 32 : password is--->admin123
2025-10-29 06:55:40,573 : INFO : Test_login_DTT : test_checklogin_DDT004 : 34 : click on login button
2025-10-29 06:55:40,661 : INFO : Test_login_DTT : test_checklogin_DDT004 : 36 : validate login status
2025-10-29 06:56:01,895 : INFO : Test_login_DTT : test_checklogin_DDT004 : 67 : appending value in list
2025-10-29 06:56:03,927 : INFO : Test_login_DTT : test_checklogin_DDT004 : 71 : Taking screenshot
2025-10-29 06:56:04,068 : INFO : Test_login_DTT : test_checklogin_DDT004 : 27 : this username and password entered for row no 4
2025-10-29 06:56:04,068 : INFO : Test_login_DTT : test_checklogin_DDT004 : 28 : enter username
2025-10-29 06:56:04,068 : INFO : Test_login_DTT : test_checklogin_DDT004 : 29 : username is--->Admin
2025-10-29 06:56:04,141 : INFO : Test_login_DTT : test_checklogin_DDT004 : 31 : enter password
2025-10-29 06:56:04,141 : INFO : Test_login_DTT : test_checklogin_DDT004 : 32 : password is--->admin1234
2025-10-29 06:56:04,220 : INFO : Test_login_DTT : test_checklogin_DDT004 : 34 : click on login button
2025-10-29 06:56:04,317 : INFO : Test_login_DTT : test_checklogin_DDT004 : 36 : validate login status
2025-10-29 06:56:24,501 : INFO : Test_login_DTT : test_checklogin_DDT004 : 67 : appending value in list
2025-10-29 06:56:26,549 : INFO : Test_login_DTT : test_checklogin_DDT004 : 71 : Taking screenshot
2025-10-29 06:56:26,742 : INFO : Test_login_DTT : test_checklogin_DDT004 : 27 : this username and password entered for row no 5
2025-10-29 06:56:26,742 : INFO : Test_login_DTT : test_checklogin_DDT004 : 28 : enter username
2025-10-29 06:56:26,742 : INFO : Test_login_DTT : test_checklogin_DDT004 : 29 : username is--->Admin1
2025-10-29 06:56:26,814 : INFO : Test_login_DTT : test_checklogin_DDT004 : 31 : enter password
2025-10-29 06:56:26,814 : INFO : Test_login_DTT : test_checklogin_DDT004 : 32 : password is--->admin1234
2025-10-29 06:56:26,892 : INFO : Test_login_DTT : test_checklogin_DDT004 : 34 : click on login button
2025-10-29 06:56:26,977 : INFO : Test_login_DTT : test_checklogin_DDT004 : 36 : validate login status
2025-10-29 06:56:47,176 : INFO : Test_login_DTT : test_checklogin_DDT004 : 67 : appending value in list
2025-10-29 06:56:49,221 : INFO : Test_login_DTT : test_checklogin_DDT004 : 71 : Taking screenshot
2025-10-29 06:56:49,369 : INFO : Test_login_DTT : test_checklogin_DDT004 : 76 : test_checklogin_DDT004 is pass
2025-10-29 06:56:49,369 : INFO : Test_login_DTT : test_checklogin_DDT004 : 77 : test_checklogin_DDT004 is end
2025-10-29 06:56:49,369 : INFO : Test_login_DTT : test_checklogin_DDT004 : 78 : browser closed

2025-10-30 08:07:47,160 : INFO : Test_AddEmployee : test_OrangeAddEmployee005 : 15 : test_OrangeAddEmployee005 is start
2025-10-30 08:07:47,160 : INFO : Test_AddEmployee : test_OrangeAddEmployee005 : 16 : opening the browser
2025-10-30 08:07:47,160 : INFO : Test_AddEmployee : test_OrangeAddEmployee005 : 19 : enter username
2025-10-30 08:07:47,160 : INFO : Test_AddEmployee : test_OrangeAddEmployee005 : 20 : username is--->Admin
2025-10-30 08:07:48,347 : INFO : Test_AddEmployee : test_OrangeAddEmployee005 : 22 : enter password
2025-10-30 08:07:48,347 : INFO : Test_AddEmployee : test_OrangeAddEmployee005 : 23 : password is--->admin123
2025-10-30 08:07:48,498 : INFO : Test_AddEmployee : test_OrangeAddEmployee005 : 25 : click on login button
2025-10-30 08:07:53,154 : INFO : Test_AddEmployee : test_OrangeAddEmployee005 : 29 : click on PIM
2025-10-30 08:07:54,676 : INFO : Test_AddEmployee : test_OrangeAddEmployee005 : 31 : click on ADD Employee
2025-10-30 08:07:55,880 : INFO : Test_AddEmployee : test_OrangeAddEmployee005 : 33 : entering firstname
2025-10-30 08:07:56,618 : INFO : Test_AddEmployee : test_OrangeAddEmployee005 : 35 : entering middlename
2025-10-30 08:07:56,746 : INFO : Test_AddEmployee : test_OrangeAddEmployee005 : 37 : entering lastname
2025-10-30 08:07:56,862 : INFO : Test_AddEmployee : test_OrangeAddEmployee005 : 40 : uploading photo
2025-10-30 08:07:57,277 : INFO : Test_AddEmployee : test_OrangeAddEmployee005 : 42 : click on Createlogdetail toggle
2025-10-30 08:07:57,416 : INFO : Test_AddEmployee : test_OrangeAddEmployee005 : 44 : entering Username
2025-10-30 08:07:57,533 : INFO : Test_AddEmployee : test_OrangeAddEmployee005 : 46 : entering Password
2025-10-30 08:07:57,656 : INFO : Test_AddEmployee : test_OrangeAddEmployee005 : 48 : entering Confirm Password
2025-10-30 08:07:59,773 : INFO : Test_AddEmployee : test_OrangeAddEmployee005 : 51 : click on enable radio button
2025-10-30 08:07:59,950 : INFO : Test_AddEmployee : test_OrangeAddEmployee005 : 53 : click on save button
2025-10-30 08:08:04,112 : INFO : Test_AddEmployee : test_OrangeAddEmployee005 : 56 : validate employeeadd status
2025-10-30 08:08:04,434 : INFO : Test_AddEmployee : test_OrangeAddEmployee005 : 59 : test_OrangeAddEmployee005 is pass
2025-10-30 08:08:04,434 : INFO : Test_AddEmployee : test_OrangeAddEmployee005 : 60 : test_OrangeAddEmployee005 is end
2025-10-30 08:08:04,434 : INFO : Test_AddEmployee : test_OrangeAddEmployee005 : 61 : browser closed

2025-10-30 08:10:21,589 : INFO : Test_SearchEmployee : test_SearchEmployee006 : 16 : test_SearchEmployee006 is start
2025-10-30 08:10:21,599 : INFO : Test_SearchEmployee : test_SearchEmployee006 : 17 : opening the browser
2025-10-30 08:10:21,599 : INFO : Test_SearchEmployee : test_SearchEmployee006 : 20 : enter username
2025-10-30 08:10:21,600 : INFO : Test_SearchEmployee : test_SearchEmployee006 : 21 : username is--->Admin
2025-10-30 08:10:23,021 : INFO : Test_SearchEmployee : test_SearchEmployee006 : 23 : enter password
2025-10-30 08:10:23,021 : INFO : Test_SearchEmployee : test_SearchEmployee006 : 24 : password is--->admin123
2025-10-30 08:10:23,187 : INFO : Test_SearchEmployee : test_SearchEmployee006 : 26 : click on login button
2025-10-30 08:10:26,410 : INFO : Test_SearchEmployee : test_SearchEmployee006 : 30 : click on PIM
2025-10-30 08:10:27,887 : INFO : Test_SearchEmployee : test_SearchEmployee006 : 33 : entering employee name
2025-10-30 08:10:28,522 : INFO : Test_SearchEmployee : test_SearchEmployee006 : 36 : entering employee id
2025-10-30 08:10:28,622 : INFO : Test_SearchEmployee : test_SearchEmployee006 : 38 : click on search button
2025-10-30 08:10:33,723 : INFO : Test_SearchEmployee : test_SearchEmployee006 : 41 : validate searchemployee status
2025-10-30 08:10:34,001 : INFO : Test_SearchEmployee : test_SearchEmployee006 : 44 : test_SearchEmployee006 is pass
2025-10-30 08:10:34,001 : INFO : Test_SearchEmployee : test_SearchEmployee006 : 45 : test_SearchEmployee006 is end
2025-10-30 08:10:34,001 : INFO : Test_SearchEmployee : test_SearchEmployee006 : 46 : browser closed


2025-10-30 08:39:14,130 : INFO : Test_AddEmployee : test_OrangeAddEmployee005 : 20 : test_OrangeAddEmployee005 is start
2025-10-30 08:39:14,130 : INFO : Test_AddEmployee : test_OrangeAddEmployee005 : 21 : opening the browser
2025-10-30 08:39:14,130 : INFO : Test_AddEmployee : test_OrangeAddEmployee005 : 24 : enter username
2025-10-30 08:39:14,130 : INFO : Test_AddEmployee : test_OrangeAddEmployee005 : 25 : username is--->Admin
2025-10-30 08:39:16,811 : INFO : Test_AddEmployee : test_OrangeAddEmployee005 : 27 : enter password
2025-10-30 08:39:16,811 : INFO : Test_AddEmployee : test_OrangeAddEmployee005 : 28 : password is--->admin123
2025-10-30 08:39:17,082 : INFO : Test_AddEmployee : test_OrangeAddEmployee005 : 30 : click on login button
2025-10-30 08:39:21,652 : INFO : Test_AddEmployee : test_OrangeAddEmployee005 : 34 : click on PIM
2025-10-30 08:39:24,508 : INFO : Test_AddEmployee : test_OrangeAddEmployee005 : 36 : click on ADD Employee
2025-10-30 08:39:26,039 : INFO : Test_AddEmployee : test_OrangeAddEmployee005 : 38 : entering firstname
2025-10-30 08:39:27,202 : INFO : Test_AddEmployee : test_OrangeAddEmployee005 : 40 : entering middlename
2025-10-30 08:39:27,382 : INFO : Test_AddEmployee : test_OrangeAddEmployee005 : 42 : entering lastname
2025-10-30 08:39:27,583 : INFO : Test_AddEmployee : test_OrangeAddEmployee005 : 45 : uploading photo
2025-10-30 08:39:27,675 : INFO : Test_AddEmployee : test_OrangeAddEmployee005 : 47 : click on Createlogdetail toggle
2025-10-30 08:39:27,925 : INFO : Test_AddEmployee : test_OrangeAddEmployee005 : 49 : entering Username
2025-10-30 08:39:28,304 : INFO : Test_AddEmployee : test_OrangeAddEmployee005 : 51 : entering Password
2025-10-30 08:39:28,596 : INFO : Test_AddEmployee : test_OrangeAddEmployee005 : 53 : entering Confirm Password
2025-10-30 08:39:30,794 : INFO : Test_AddEmployee : test_OrangeAddEmployee005 : 56 : click on enable radio button
2025-10-30 08:39:34,896 : INFO : Test_AddEmployee : test_OrangeAddEmployee005 : 59 : click on save button
2025-10-30 08:39:39,038 : INFO : Test_AddEmployee : test_OrangeAddEmployee005 : 62 : validate employeeadd status
2025-10-30 08:39:39,324 : INFO : Test_AddEmployee : test_OrangeAddEmployee005 : 65 : test_OrangeAddEmployee005 is pass
2025-10-30 08:39:39,324 : INFO : Test_AddEmployee : test_OrangeAddEmployee005 : 66 : test_OrangeAddEmployee005 is end
2025-10-30 08:39:39,324 : INFO : Test_AddEmployee : test_OrangeAddEmployee005 : 67 : browser closed
2025-10-30 08:41:30,961 : INFO : Test_AddEmployee : test_OrangeAddEmployee005 : 20 : test_OrangeAddEmployee005 is start
2025-10-30 08:41:30,961 : INFO : Test_AddEmployee : test_OrangeAddEmployee005 : 21 : opening the browser
2025-10-30 08:41:30,961 : INFO : Test_AddEmployee : test_OrangeAddEmployee005 : 24 : enter username
2025-10-30 08:41:30,961 : INFO : Test_AddEmployee : test_OrangeAddEmployee005 : 25 : username is--->Admin
2025-10-30 08:41:32,310 : INFO : Test_AddEmployee : test_OrangeAddEmployee005 : 27 : enter password
2025-10-30 08:41:32,310 : INFO : Test_AddEmployee : test_OrangeAddEmployee005 : 28 : password is--->admin123
2025-10-30 08:41:32,466 : INFO : Test_AddEmployee : test_OrangeAddEmployee005 : 30 : click on login button
2025-10-30 08:41:37,863 : INFO : Test_AddEmployee : test_OrangeAddEmployee005 : 34 : click on PIM
2025-10-30 08:41:39,420 : INFO : Test_AddEmployee : test_OrangeAddEmployee005 : 36 : click on ADD Employee
2025-10-30 08:41:40,911 : INFO : Test_AddEmployee : test_OrangeAddEmployee005 : 38 : entering firstname
2025-10-30 08:41:41,502 : INFO : Test_AddEmployee : test_OrangeAddEmployee005 : 40 : entering middlename
2025-10-30 08:41:41,542 : INFO : Test_AddEmployee : test_OrangeAddEmployee005 : 42 : entering lastname
2025-10-30 08:41:41,586 : INFO : Test_AddEmployee : test_OrangeAddEmployee005 : 45 : uploading photo
2025-10-30 08:41:41,931 : INFO : Test_AddEmployee : test_OrangeAddEmployee005 : 47 : click on Createlogdetail toggle
2025-10-30 08:41:42,049 : INFO : Test_AddEmployee : test_OrangeAddEmployee005 : 49 : entering Username
2025-10-30 08:41:42,085 : INFO : Test_AddEmployee : test_OrangeAddEmployee005 : 51 : entering Password
2025-10-30 08:41:42,129 : INFO : Test_AddEmployee : test_OrangeAddEmployee005 : 53 : entering Confirm Password
2025-10-30 08:41:44,185 : INFO : Test_AddEmployee : test_OrangeAddEmployee005 : 56 : click on enable radio button
2025-10-30 08:41:48,263 : INFO : Test_AddEmployee : test_OrangeAddEmployee005 : 59 : click on save button
2025-10-30 08:41:52,368 : INFO : Test_AddEmployee : test_OrangeAddEmployee005 : 62 : validate employeeadd status
2025-10-30 08:41:52,573 : INFO : Test_AddEmployee : test_OrangeAddEmployee005 : 65 : test_OrangeAddEmployee005 is pass
2025-10-30 08:41:52,573 : INFO : Test_AddEmployee : test_OrangeAddEmployee005 : 66 : test_OrangeAddEmployee005 is end
2025-10-30 08:41:52,573 : INFO : Test_AddEmployee : test_OrangeAddEmployee005 : 67 : browser closed
2025-10-30 08:42:41,712 : INFO : Test_AddEmployee : test_OrangeAddEmployee005 : 20 : test_OrangeAddEmployee005 is start
2025-10-30 08:42:41,713 : INFO : Test_AddEmployee : test_OrangeAddEmployee005 : 21 : opening the browser
2025-10-30 08:42:41,713 : INFO : Test_AddEmployee : test_OrangeAddEmployee005 : 24 : enter username
2025-10-30 08:42:41,713 : INFO : Test_AddEmployee : test_OrangeAddEmployee005 : 25 : username is--->Admin
2025-10-30 08:42:42,830 : INFO : Test_AddEmployee : test_OrangeAddEmployee005 : 27 : enter password
2025-10-30 08:42:42,830 : INFO : Test_AddEmployee : test_OrangeAddEmployee005 : 28 : password is--->admin123
2025-10-30 08:42:42,986 : INFO : Test_AddEmployee : test_OrangeAddEmployee005 : 30 : click on login button
2025-10-30 08:42:47,622 : INFO : Test_AddEmployee : test_OrangeAddEmployee005 : 34 : click on PIM
2025-10-30 08:42:49,213 : INFO : Test_AddEmployee : test_OrangeAddEmployee005 : 36 : click on ADD Employee
2025-10-30 08:42:50,544 : INFO : Test_AddEmployee : test_OrangeAddEmployee005 : 38 : entering firstname
2025-10-30 08:42:51,375 : INFO : Test_AddEmployee : test_OrangeAddEmployee005 : 40 : entering middlename
2025-10-30 08:42:51,547 : INFO : Test_AddEmployee : test_OrangeAddEmployee005 : 42 : entering lastname
2025-10-30 08:42:51,702 : INFO : Test_AddEmployee : test_OrangeAddEmployee005 : 45 : uploading photo
2025-10-30 08:42:51,926 : INFO : Test_AddEmployee : test_OrangeAddEmployee005 : 47 : click on Createlogdetail toggle
2025-10-30 08:42:52,121 : INFO : Test_AddEmployee : test_OrangeAddEmployee005 : 49 : entering Username
2025-10-30 08:42:52,379 : INFO : Test_AddEmployee : test_OrangeAddEmployee005 : 51 : entering Password
2025-10-30 08:42:52,546 : INFO : Test_AddEmployee : test_OrangeAddEmployee005 : 53 : entering Confirm Password
2025-10-30 08:42:54,691 : INFO : Test_AddEmployee : test_OrangeAddEmployee005 : 56 : click on enable radio button
2025-10-30 08:42:58,794 : INFO : Test_AddEmployee : test_OrangeAddEmployee005 : 59 : click on save button
2025-10-30 08:43:03,026 : INFO : Test_AddEmployee : test_OrangeAddEmployee005 : 62 : validate employeeadd status
2025-10-30 08:43:03,322 : INFO : Test_AddEmployee : test_OrangeAddEmployee005 : 65 : test_OrangeAddEmployee005 is pass
2025-10-30 08:43:03,322 : INFO : Test_AddEmployee : test_OrangeAddEmployee005 : 66 : test_OrangeAddEmployee005 is end
2025-10-30 08:43:03,322 : INFO : Test_AddEmployee : test_OrangeAddEmployee005 : 67 : browser closed


2025-10-30 13:22:43,210 : INFO : Test_AddEmployee_params : test_AddEmployee_params007 : 19 : test_AddEmployee_params007 is start
2025-10-30 13:22:43,210 : INFO : Test_AddEmployee_params : test_AddEmployee_params007 : 20 : opening the browser
2025-10-30 13:22:43,210 : INFO : Test_AddEmployee_params : test_AddEmployee_params007 : 23 : enter username
2025-10-30 13:22:43,210 : INFO : Test_AddEmployee_params : test_AddEmployee_params007 : 24 : username is--->Admin
2025-10-30 13:22:44,273 : INFO : Test_AddEmployee_params : test_AddEmployee_params007 : 26 : enter password
2025-10-30 13:22:44,273 : INFO : Test_AddEmployee_params : test_AddEmployee_params007 : 27 : password is--->admin123
2025-10-30 13:22:44,414 : INFO : Test_AddEmployee_params : test_AddEmployee_params007 : 29 : click on login button
2025-10-30 13:22:44,601 : INFO : Test_AddEmployee_params : test_AddEmployee_params007 : 32 : click on PIM
2025-10-30 13:22:48,441 : INFO : Test_AddEmployee_params : test_AddEmployee_params007 : 34 : click on ADD Employee
2025-10-30 13:22:49,990 : INFO : Test_AddEmployee_params : test_AddEmployee_params007 : 36 : entering firstname
2025-10-30 13:22:50,780 : INFO : Test_AddEmployee_params : test_AddEmployee_params007 : 38 : entering middlename
2025-10-30 13:22:50,887 : INFO : Test_AddEmployee_params : test_AddEmployee_params007 : 40 : entering lastname
2025-10-30 13:22:51,009 : INFO : Test_AddEmployee_params : test_AddEmployee_params007 : 43 : uploading photo
2025-10-30 13:22:55,164 : INFO : Test_AddEmployee_params : test_AddEmployee_params007 : 46 : click on save button
2025-10-30 13:22:55,302 : INFO : Test_AddEmployee_params : test_AddEmployee_params007 : 48 : validate employeeadd status
2025-10-30 13:22:57,203 : INFO : Test_AddEmployee_params : test_AddEmployee_params007 : 51 : test_AddEmployee_params007 is pass
2025-10-30 13:22:57,203 : INFO : Test_AddEmployee_params : test_AddEmployee_params007 : 52 : test_AddEmployee_params007 is end
2025-10-30 13:22:57,203 : INFO : Test_AddEmployee_params : test_AddEmployee_params007 : 53 : browser closed
2025-10-30 13:23:06,496 : INFO : Test_AddEmployee_params : test_AddEmployee_params007 : 19 : test_AddEmployee_params007 is start
2025-10-30 13:23:06,496 : INFO : Test_AddEmployee_params : test_AddEmployee_params007 : 20 : opening the browser
2025-10-30 13:23:06,496 : INFO : Test_AddEmployee_params : test_AddEmployee_params007 : 23 : enter username
2025-10-30 13:23:06,496 : INFO : Test_AddEmployee_params : test_AddEmployee_params007 : 24 : username is--->Admin
2025-10-30 13:23:08,700 : INFO : Test_AddEmployee_params : test_AddEmployee_params007 : 26 : enter password
2025-10-30 13:23:08,700 : INFO : Test_AddEmployee_params : test_AddEmployee_params007 : 27 : password is--->admin123
2025-10-30 13:23:08,810 : INFO : Test_AddEmployee_params : test_AddEmployee_params007 : 29 : click on login button
2025-10-30 13:23:08,935 : INFO : Test_AddEmployee_params : test_AddEmployee_params007 : 32 : click on PIM
2025-10-30 13:23:12,752 : INFO : Test_AddEmployee_params : test_AddEmployee_params007 : 34 : click on ADD Employee
2025-10-30 13:23:14,223 : INFO : Test_AddEmployee_params : test_AddEmployee_params007 : 36 : entering firstname
2025-10-30 13:23:15,010 : INFO : Test_AddEmployee_params : test_AddEmployee_params007 : 38 : entering middlename
2025-10-30 13:23:15,113 : INFO : Test_AddEmployee_params : test_AddEmployee_params007 : 40 : entering lastname
2025-10-30 13:23:15,242 : INFO : Test_AddEmployee_params : test_AddEmployee_params007 : 43 : uploading photo
2025-10-30 13:23:19,444 : INFO : Test_AddEmployee_params : test_AddEmployee_params007 : 46 : click on save button
2025-10-30 13:23:19,709 : INFO : Test_AddEmployee_params : test_AddEmployee_params007 : 48 : validate employeeadd status
2025-10-30 13:23:21,474 : INFO : Test_AddEmployee_params : test_AddEmployee_params007 : 51 : test_AddEmployee_params007 is pass
2025-10-30 13:23:21,474 : INFO : Test_AddEmployee_params : test_AddEmployee_params007 : 52 : test_AddEmployee_params007 is end
2025-10-30 13:23:21,474 : INFO : Test_AddEmployee_params : test_AddEmployee_params007 : 53 : browser closed
2025-10-30 13:23:31,938 : INFO : Test_AddEmployee_params : test_AddEmployee_params007 : 19 : test_AddEmployee_params007 is start
2025-10-30 13:23:31,938 : INFO : Test_AddEmployee_params : test_AddEmployee_params007 : 20 : opening the browser
2025-10-30 13:23:31,938 : INFO : Test_AddEmployee_params : test_AddEmployee_params007 : 23 : enter username
2025-10-30 13:23:31,941 : INFO : Test_AddEmployee_params : test_AddEmployee_params007 : 24 : username is--->Admin
2025-10-30 13:23:33,363 : INFO : Test_AddEmployee_params : test_AddEmployee_params007 : 26 : enter password
2025-10-30 13:23:33,363 : INFO : Test_AddEmployee_params : test_AddEmployee_params007 : 27 : password is--->admin123
2025-10-30 13:23:33,473 : INFO : Test_AddEmployee_params : test_AddEmployee_params007 : 29 : click on login button
2025-10-30 13:23:33,599 : INFO : Test_AddEmployee_params : test_AddEmployee_params007 : 32 : click on PIM
2025-10-30 13:23:37,912 : INFO : Test_AddEmployee_params : test_AddEmployee_params007 : 34 : click on ADD Employee
2025-10-30 13:23:39,378 : INFO : Test_AddEmployee_params : test_AddEmployee_params007 : 36 : entering firstname
2025-10-30 13:23:40,199 : INFO : Test_AddEmployee_params : test_AddEmployee_params007 : 38 : entering middlename
2025-10-30 13:23:40,362 : INFO : Test_AddEmployee_params : test_AddEmployee_params007 : 40 : entering lastname
2025-10-30 13:23:40,529 : INFO : Test_AddEmployee_params : test_AddEmployee_params007 : 43 : uploading photo
2025-10-30 13:23:44,692 : INFO : Test_AddEmployee_params : test_AddEmployee_params007 : 46 : click on save button
2025-10-30 13:23:44,827 : INFO : Test_AddEmployee_params : test_AddEmployee_params007 : 48 : validate employeeadd status
2025-10-30 13:23:46,582 : INFO : Test_AddEmployee_params : test_AddEmployee_params007 : 51 : test_AddEmployee_params007 is pass
2025-10-30 13:23:46,582 : INFO : Test_AddEmployee_params : test_AddEmployee_params007 : 52 : test_AddEmployee_params007 is end
2025-10-30 13:23:46,582 : INFO : Test_AddEmployee_params : test_AddEmployee_params007 : 53 : browser closed
2025-10-30 13:23:56,468 : INFO : Test_AddEmployee_params : test_AddEmployee_params007 : 19 : test_AddEmployee_params007 is start
2025-10-30 13:23:56,468 : INFO : Test_AddEmployee_params : test_AddEmployee_params007 : 20 : opening the browser
2025-10-30 13:23:56,468 : INFO : Test_AddEmployee_params : test_AddEmployee_params007 : 23 : enter username
2025-10-30 13:23:56,468 : INFO : Test_AddEmployee_params : test_AddEmployee_params007 : 24 : username is--->Admin
2025-10-30 13:23:57,497 : INFO : Test_AddEmployee_params : test_AddEmployee_params007 : 26 : enter password
2025-10-30 13:23:57,497 : INFO : Test_AddEmployee_params : test_AddEmployee_params007 : 27 : password is--->admin123
2025-10-30 13:23:57,622 : INFO : Test_AddEmployee_params : test_AddEmployee_params007 : 29 : click on login button
2025-10-30 13:23:57,740 : INFO : Test_AddEmployee_params : test_AddEmployee_params007 : 32 : click on PIM
2025-10-30 13:24:01,756 : INFO : Test_AddEmployee_params : test_AddEmployee_params007 : 34 : click on ADD Employee
2025-10-30 13:24:03,284 : INFO : Test_AddEmployee_params : test_AddEmployee_params007 : 36 : entering firstname
2025-10-30 13:24:04,041 : INFO : Test_AddEmployee_params : test_AddEmployee_params007 : 38 : entering middlename
2025-10-30 13:24:04,151 : INFO : Test_AddEmployee_params : test_AddEmployee_params007 : 40 : entering lastname
2025-10-30 13:24:04,255 : INFO : Test_AddEmployee_params : test_AddEmployee_params007 : 43 : uploading photo
2025-10-30 13:24:08,619 : INFO : Test_AddEmployee_params : test_AddEmployee_params007 : 46 : click on save button
2025-10-30 13:24:08,726 : INFO : Test_AddEmployee_params : test_AddEmployee_params007 : 48 : validate employeeadd status
2025-10-30 13:24:10,475 : INFO : Test_AddEmployee_params : test_AddEmployee_params007 : 51 : test_AddEmployee_params007 is pass
2025-10-30 13:24:10,475 : INFO : Test_AddEmployee_params : test_AddEmployee_params007 : 52 : test_AddEmployee_params007 is end
2025-10-30 13:24:10,475 : INFO : Test_AddEmployee_params : test_AddEmployee_params007 : 53 : browser closed

2025-10-30 21:43:09,494 : INFO : Test_AddEmployees_DTT : test_AddEmployees_DDT008 : 19 : test_AddEmployees_DDT008 is start
2025-10-30 21:43:09,502 : INFO : Test_AddEmployees_DTT : test_AddEmployees_DDT008 : 20 : opening the browser
2025-10-30 21:43:09,502 : INFO : Test_AddEmployees_DTT : test_AddEmployees_DDT008 : 23 : enter username
2025-10-30 21:43:09,502 : INFO : Test_AddEmployees_DTT : test_AddEmployees_DDT008 : 24 : username is--->Admin
2025-10-30 21:43:10,841 : INFO : Test_AddEmployees_DTT : test_AddEmployees_DDT008 : 26 : enter password
2025-10-30 21:43:10,841 : INFO : Test_AddEmployees_DTT : test_AddEmployees_DDT008 : 27 : password is--->admin123
2025-10-30 21:43:11,024 : INFO : Test_AddEmployees_DTT : test_AddEmployees_DDT008 : 29 : click on login button
2025-10-30 21:43:14,257 : INFO : Test_AddEmployees_DTT : test_AddEmployees_DDT008 : 33 : click on PIM
2025-10-30 21:43:15,818 : INFO : Test_AddEmployees_DTT : test_AddEmployees_DDT008 : 37 : Number of rows in our Excel sheet---->7
2025-10-30 21:43:15,858 : INFO : Test_AddEmployees_DTT : test_AddEmployees_DDT008 : 43 : click on ADD Employee
2025-10-30 21:43:16,945 : INFO : Test_AddEmployees_DTT : test_AddEmployees_DDT008 : 45 : employee data rcv from row no 2
2025-10-30 21:43:16,945 : INFO : Test_AddEmployees_DTT : test_AddEmployees_DDT008 : 46 : entering firstname
2025-10-30 21:43:17,721 : INFO : Test_AddEmployees_DTT : test_AddEmployees_DDT008 : 48 : first name is--->Rakesh
2025-10-30 21:43:17,721 : INFO : Test_AddEmployees_DTT : test_AddEmployees_DDT008 : 50 : entering middlename
2025-10-30 21:43:17,899 : INFO : Test_AddEmployees_DTT : test_AddEmployees_DDT008 : 52 : middle name is--->D
2025-10-30 21:43:17,899 : INFO : Test_AddEmployees_DTT : test_AddEmployees_DDT008 : 54 : entering lastname
2025-10-30 21:43:18,021 : INFO : Test_AddEmployees_DTT : test_AddEmployees_DDT008 : 56 : last name is--->Likhare
2025-10-30 21:43:18,021 : INFO : Test_AddEmployees_DTT : test_AddEmployees_DDT008 : 59 : uploading photo
2025-10-30 21:43:18,425 : INFO : Test_AddEmployees_DTT : test_AddEmployees_DDT008 : 61 : click on Createlogdetail toggle
2025-10-30 21:43:18,692 : INFO : Test_AddEmployees_DTT : test_AddEmployees_DDT008 : 63 : entering Username
2025-10-30 21:43:18,986 : INFO : Test_AddEmployees_DTT : test_AddEmployees_DDT008 : 65 : entering Password
2025-10-30 21:43:19,143 : INFO : Test_AddEmployees_DTT : test_AddEmployees_DDT008 : 67 : entering Confirm Password
2025-10-30 21:43:21,325 : INFO : Test_AddEmployees_DTT : test_AddEmployees_DDT008 : 70 : click on enable radio button
2025-10-30 21:43:25,550 : INFO : Test_AddEmployees_DTT : test_AddEmployees_DDT008 : 73 : click on save button
2025-10-30 21:43:25,930 : INFO : Test_AddEmployees_DTT : test_AddEmployees_DDT008 : 43 : click on ADD Employee
2025-10-30 21:43:26,634 : INFO : Test_AddEmployees_DTT : test_AddEmployees_DDT008 : 45 : employee data rcv from row no 3
2025-10-30 21:43:26,634 : INFO : Test_AddEmployees_DTT : test_AddEmployees_DDT008 : 46 : entering firstname
2025-10-30 21:43:27,564 : INFO : Test_AddEmployees_DTT : test_AddEmployees_DDT008 : 48 : first name is--->Ankush
2025-10-30 21:43:27,564 : INFO : Test_AddEmployees_DTT : test_AddEmployees_DDT008 : 50 : entering middlename
2025-10-30 21:43:27,668 : INFO : Test_AddEmployees_DTT : test_AddEmployees_DDT008 : 52 : middle name is--->D
2025-10-30 21:43:27,668 : INFO : Test_AddEmployees_DTT : test_AddEmployees_DDT008 : 54 : entering lastname
2025-10-30 21:43:27,787 : INFO : Test_AddEmployees_DTT : test_AddEmployees_DDT008 : 56 : last name is--->Likhare
2025-10-30 21:43:27,787 : INFO : Test_AddEmployees_DTT : test_AddEmployees_DDT008 : 59 : uploading photo
2025-10-30 21:43:27,955 : INFO : Test_AddEmployees_DTT : test_AddEmployees_DDT008 : 61 : click on Createlogdetail toggle
2025-10-30 21:43:28,055 : INFO : Test_AddEmployees_DTT : test_AddEmployees_DDT008 : 63 : entering Username
2025-10-30 21:43:28,181 : INFO : Test_AddEmployees_DTT : test_AddEmployees_DDT008 : 65 : entering Password
2025-10-30 21:43:28,300 : INFO : Test_AddEmployees_DTT : test_AddEmployees_DDT008 : 67 : entering Confirm Password
2025-10-30 21:43:30,400 : INFO : Test_AddEmployees_DTT : test_AddEmployees_DDT008 : 70 : click on enable radio button
2025-10-30 21:43:34,708 : INFO : Test_AddEmployees_DTT : test_AddEmployees_DDT008 : 73 : click on save button
2025-10-30 21:43:34,886 : INFO : Test_AddEmployees_DTT : test_AddEmployees_DDT008 : 43 : click on ADD Employee
2025-10-30 21:43:35,676 : INFO : Test_AddEmployees_DTT : test_AddEmployees_DDT008 : 45 : employee data rcv from row no 4
2025-10-30 21:43:35,676 : INFO : Test_AddEmployees_DTT : test_AddEmployees_DDT008 : 46 : entering firstname
2025-10-30 21:43:37,184 : INFO : Test_AddEmployees_DTT : test_AddEmployees_DDT008 : 48 : first name is--->Nikhill
2025-10-30 21:43:37,184 : INFO : Test_AddEmployees_DTT : test_AddEmployees_DDT008 : 50 : entering middlename
2025-10-30 21:43:37,298 : INFO : Test_AddEmployees_DTT : test_AddEmployees_DDT008 : 52 : middle name is--->D
2025-10-30 21:43:37,298 : INFO : Test_AddEmployees_DTT : test_AddEmployees_DDT008 : 54 : entering lastname
2025-10-30 21:43:37,455 : INFO : Test_AddEmployees_DTT : test_AddEmployees_DDT008 : 56 : last name is--->Likhare
2025-10-30 21:43:37,461 : INFO : Test_AddEmployees_DTT : test_AddEmployees_DDT008 : 59 : uploading photo
2025-10-30 21:43:37,534 : INFO : Test_AddEmployees_DTT : test_AddEmployees_DDT008 : 61 : click on Createlogdetail toggle
2025-10-30 21:43:37,658 : INFO : Test_AddEmployees_DTT : test_AddEmployees_DDT008 : 63 : entering Username
2025-10-30 21:43:37,844 : INFO : Test_AddEmployees_DTT : test_AddEmployees_DDT008 : 65 : entering Password
2025-10-30 21:43:38,004 : INFO : Test_AddEmployees_DTT : test_AddEmployees_DDT008 : 67 : entering Confirm Password
2025-10-30 21:43:40,223 : INFO : Test_AddEmployees_DTT : test_AddEmployees_DDT008 : 70 : click on enable radio button
2025-10-30 21:43:44,430 : INFO : Test_AddEmployees_DTT : test_AddEmployees_DDT008 : 73 : click on save button
2025-10-30 21:43:44,707 : INFO : Test_AddEmployees_DTT : test_AddEmployees_DDT008 : 43 : click on ADD Employee
2025-10-30 21:43:45,529 : INFO : Test_AddEmployees_DTT : test_AddEmployees_DDT008 : 45 : employee data rcv from row no 5
2025-10-30 21:43:45,529 : INFO : Test_AddEmployees_DTT : test_AddEmployees_DDT008 : 46 : entering firstname
2025-10-30 21:43:46,515 : INFO : Test_AddEmployees_DTT : test_AddEmployees_DDT008 : 48 : first name is--->Shubham
2025-10-30 21:43:46,515 : INFO : Test_AddEmployees_DTT : test_AddEmployees_DDT008 : 50 : entering middlename
2025-10-30 21:43:46,612 : INFO : Test_AddEmployees_DTT : test_AddEmployees_DDT008 : 52 : middle name is--->S
2025-10-30 21:43:46,612 : INFO : Test_AddEmployees_DTT : test_AddEmployees_DDT008 : 54 : entering lastname
2025-10-30 21:43:46,724 : INFO : Test_AddEmployees_DTT : test_AddEmployees_DDT008 : 56 : last name is--->Sahare
2025-10-30 21:43:46,724 : INFO : Test_AddEmployees_DTT : test_AddEmployees_DDT008 : 59 : uploading photo
2025-10-30 21:43:47,060 : INFO : Test_AddEmployees_DTT : test_AddEmployees_DDT008 : 61 : click on Createlogdetail toggle
2025-10-30 21:43:47,168 : INFO : Test_AddEmployees_DTT : test_AddEmployees_DDT008 : 63 : entering Username
2025-10-30 21:43:47,293 : INFO : Test_AddEmployees_DTT : test_AddEmployees_DDT008 : 65 : entering Password
2025-10-30 21:43:47,422 : INFO : Test_AddEmployees_DTT : test_AddEmployees_DDT008 : 67 : entering Confirm Password
2025-10-30 21:43:49,522 : INFO : Test_AddEmployees_DTT : test_AddEmployees_DDT008 : 70 : click on enable radio button
2025-10-30 21:43:53,741 : INFO : Test_AddEmployees_DTT : test_AddEmployees_DDT008 : 73 : click on save button
2025-10-30 21:43:53,914 : INFO : Test_AddEmployees_DTT : test_AddEmployees_DDT008 : 43 : click on ADD Employee
2025-10-30 21:43:55,272 : INFO : Test_AddEmployees_DTT : test_AddEmployees_DDT008 : 45 : employee data rcv from row no 6
2025-10-30 21:43:55,272 : INFO : Test_AddEmployees_DTT : test_AddEmployees_DDT008 : 46 : entering firstname
2025-10-30 21:43:55,989 : INFO : Test_AddEmployees_DTT : test_AddEmployees_DDT008 : 48 : first name is--->Vijay
2025-10-30 21:43:55,990 : INFO : Test_AddEmployees_DTT : test_AddEmployees_DDT008 : 50 : entering middlename
2025-10-30 21:43:56,088 : INFO : Test_AddEmployees_DTT : test_AddEmployees_DDT008 : 52 : middle name is--->S
2025-10-30 21:43:56,088 : INFO : Test_AddEmployees_DTT : test_AddEmployees_DDT008 : 54 : entering lastname
2025-10-30 21:43:56,209 : INFO : Test_AddEmployees_DTT : test_AddEmployees_DDT008 : 56 : last name is--->rathod
2025-10-30 21:43:56,209 : INFO : Test_AddEmployees_DTT : test_AddEmployees_DDT008 : 59 : uploading photo
2025-10-30 21:43:56,846 : INFO : Test_AddEmployees_DTT : test_AddEmployees_DDT008 : 61 : click on Createlogdetail toggle
2025-10-30 21:43:57,077 : INFO : Test_AddEmployees_DTT : test_AddEmployees_DDT008 : 63 : entering Username
2025-10-30 21:43:57,264 : INFO : Test_AddEmployees_DTT : test_AddEmployees_DDT008 : 65 : entering Password
2025-10-30 21:43:57,381 : INFO : Test_AddEmployees_DTT : test_AddEmployees_DDT008 : 67 : entering Confirm Password
2025-10-30 21:43:59,484 : INFO : Test_AddEmployees_DTT : test_AddEmployees_DDT008 : 70 : click on enable radio button
2025-10-30 21:44:03,684 : INFO : Test_AddEmployees_DTT : test_AddEmployees_DDT008 : 73 : click on save button
2025-10-30 21:44:03,929 : INFO : Test_AddEmployees_DTT : test_AddEmployees_DDT008 : 43 : click on ADD Employee
2025-10-30 21:44:05,356 : INFO : Test_AddEmployees_DTT : test_AddEmployees_DDT008 : 45 : employee data rcv from row no 7
2025-10-30 21:44:05,356 : INFO : Test_AddEmployees_DTT : test_AddEmployees_DDT008 : 46 : entering firstname
2025-10-30 21:44:05,976 : INFO : Test_AddEmployees_DTT : test_AddEmployees_DDT008 : 48 : first name is--->Samar
2025-10-30 21:44:05,976 : INFO : Test_AddEmployees_DTT : test_AddEmployees_DDT008 : 50 : entering middlename
2025-10-30 21:44:06,084 : INFO : Test_AddEmployees_DTT : test_AddEmployees_DDT008 : 52 : middle name is--->S
2025-10-30 21:44:06,092 : INFO : Test_AddEmployees_DTT : test_AddEmployees_DDT008 : 54 : entering lastname
2025-10-30 21:44:06,216 : INFO : Test_AddEmployees_DTT : test_AddEmployees_DDT008 : 56 : last name is--->Hiraou
2025-10-30 21:44:06,216 : INFO : Test_AddEmployees_DTT : test_AddEmployees_DDT008 : 59 : uploading photo
2025-10-30 21:44:06,463 : INFO : Test_AddEmployees_DTT : test_AddEmployees_DDT008 : 61 : click on Createlogdetail toggle
2025-10-30 21:44:06,582 : INFO : Test_AddEmployees_DTT : test_AddEmployees_DDT008 : 63 : entering Username
2025-10-30 21:44:06,743 : INFO : Test_AddEmployees_DTT : test_AddEmployees_DDT008 : 65 : entering Password
2025-10-30 21:44:06,875 : INFO : Test_AddEmployees_DTT : test_AddEmployees_DDT008 : 67 : entering Confirm Password
2025-10-30 21:44:09,021 : INFO : Test_AddEmployees_DTT : test_AddEmployees_DDT008 : 70 : click on enable radio button
2025-10-30 21:44:13,262 : INFO : Test_AddEmployees_DTT : test_AddEmployees_DDT008 : 73 : click on save button
2025-10-30 21:44:13,466 : INFO : Test_AddEmployees_DTT : test_AddEmployees_DDT008 : 75 : validate employeeadd status
2025-10-30 21:44:18,822 : INFO : Test_AddEmployees_DTT : test_AddEmployees_DDT008 : 79 : test_AddEmployees_DDT008 is pass
2025-10-30 21:44:18,822 : INFO : Test_AddEmployees_DTT : test_AddEmployees_DDT008 : 80 : test_AddEmployees_DDT008 is end
2025-10-30 21:44:18,822 : INFO : Test_AddEmployees_DTT : test_AddEmployees_DDT008 : 81 : browser closed


2025-10-31 14:09:32,976 : INFO : Test_SearchEmployee_params : test_SearchEmployee009 : 20 : test_SearchEmployee009 is start
2025-10-31 14:09:32,976 : INFO : Test_SearchEmployee_params : test_SearchEmployee009 : 21 : opening the browser
2025-10-31 14:09:32,976 : INFO : Test_SearchEmployee_params : test_SearchEmployee009 : 24 : enter username
2025-10-31 14:09:32,976 : INFO : Test_SearchEmployee_params : test_SearchEmployee009 : 25 : username is--->Admin
2025-10-31 14:09:34,410 : INFO : Test_SearchEmployee_params : test_SearchEmployee009 : 27 : enter password
2025-10-31 14:09:34,410 : INFO : Test_SearchEmployee_params : test_SearchEmployee009 : 28 : password is--->admin123
2025-10-31 14:09:34,519 : INFO : Test_SearchEmployee_params : test_SearchEmployee009 : 30 : click on login button
2025-10-31 14:09:37,659 : INFO : Test_SearchEmployee_params : test_SearchEmployee009 : 34 : click on PIM
2025-10-31 14:09:41,889 : INFO : Test_SearchEmployee_params : test_SearchEmployee009 : 38 : entering employee name
2025-10-31 14:09:41,889 : INFO : Test_SearchEmployee_params : test_SearchEmployee009 : 39 : employee name is-->Ash Tyson
2025-10-31 14:09:42,194 : INFO : Test_SearchEmployee_params : test_SearchEmployee009 : 42 : entering employee id
2025-10-31 14:09:42,194 : INFO : Test_SearchEmployee_params : test_SearchEmployee009 : 43 : employee id is-->0367
2025-10-31 14:09:42,298 : INFO : Test_SearchEmployee_params : test_SearchEmployee009 : 45 : click on search button
2025-10-31 14:09:47,430 : INFO : Test_SearchEmployee_params : test_SearchEmployee009 : 48 : validate searchemployee status
2025-10-31 14:09:47,692 : INFO : Test_SearchEmployee_params : test_SearchEmployee009 : 51 : Employee is found
2025-10-31 14:09:47,692 : INFO : Test_SearchEmployee_params : test_SearchEmployee009 : 52 : test_SearchEmployee009 is pass
2025-10-31 14:09:47,692 : INFO : Test_SearchEmployee_params : test_SearchEmployee009 : 53 : test_SearchEmployee009 is end
2025-10-31 14:09:47,692 : INFO : Test_SearchEmployee_params : test_SearchEmployee009 : 54 : browser closed
2025-10-31 14:09:57,085 : INFO : Test_SearchEmployee_params : test_SearchEmployee009 : 20 : test_SearchEmployee009 is start
2025-10-31 14:09:57,085 : INFO : Test_SearchEmployee_params : test_SearchEmployee009 : 21 : opening the browser
2025-10-31 14:09:57,091 : INFO : Test_SearchEmployee_params : test_SearchEmployee009 : 24 : enter username
2025-10-31 14:09:57,091 : INFO : Test_SearchEmployee_params : test_SearchEmployee009 : 25 : username is--->Admin
2025-10-31 14:09:59,291 : INFO : Test_SearchEmployee_params : test_SearchEmployee009 : 27 : enter password
2025-10-31 14:09:59,291 : INFO : Test_SearchEmployee_params : test_SearchEmployee009 : 28 : password is--->admin123
2025-10-31 14:09:59,400 : INFO : Test_SearchEmployee_params : test_SearchEmployee009 : 30 : click on login button
2025-10-31 14:10:02,531 : INFO : Test_SearchEmployee_params : test_SearchEmployee009 : 34 : click on PIM
2025-10-31 14:10:06,749 : INFO : Test_SearchEmployee_params : test_SearchEmployee009 : 38 : entering employee name
2025-10-31 14:10:06,749 : INFO : Test_SearchEmployee_params : test_SearchEmployee009 : 39 : employee name is-->Charlotte
2025-10-31 14:10:06,909 : INFO : Test_SearchEmployee_params : test_SearchEmployee009 : 42 : entering employee id
2025-10-31 14:10:06,909 : INFO : Test_SearchEmployee_params : test_SearchEmployee009 : 43 : employee id is-->00392
2025-10-31 14:10:07,097 : INFO : Test_SearchEmployee_params : test_SearchEmployee009 : 45 : click on search button
2025-10-31 14:10:12,232 : INFO : Test_SearchEmployee_params : test_SearchEmployee009 : 48 : validate searchemployee status
2025-10-31 14:10:12,874 : INFO : Test_SearchEmployee_params : test_SearchEmployee009 : 51 : Employee is found
2025-10-31 14:10:12,874 : INFO : Test_SearchEmployee_params : test_SearchEmployee009 : 52 : test_SearchEmployee009 is pass
2025-10-31 14:10:12,875 : INFO : Test_SearchEmployee_params : test_SearchEmployee009 : 53 : test_SearchEmployee009 is end
2025-10-31 14:10:12,876 : INFO : Test_SearchEmployee_params : test_SearchEmployee009 : 54 : browser closed
2025-10-31 14:10:24,200 : INFO : Test_SearchEmployee_params : test_SearchEmployee009 : 20 : test_SearchEmployee009 is start
2025-10-31 14:10:24,201 : INFO : Test_SearchEmployee_params : test_SearchEmployee009 : 21 : opening the browser
2025-10-31 14:10:24,201 : INFO : Test_SearchEmployee_params : test_SearchEmployee009 : 24 : enter username
2025-10-31 14:10:24,201 : INFO : Test_SearchEmployee_params : test_SearchEmployee009 : 25 : username is--->Admin
2025-10-31 14:10:25,265 : INFO : Test_SearchEmployee_params : test_SearchEmployee009 : 27 : enter password
2025-10-31 14:10:25,265 : INFO : Test_SearchEmployee_params : test_SearchEmployee009 : 28 : password is--->admin123
2025-10-31 14:10:25,414 : INFO : Test_SearchEmployee_params : test_SearchEmployee009 : 30 : click on login button
2025-10-31 14:10:28,567 : INFO : Test_SearchEmployee_params : test_SearchEmployee009 : 34 : click on PIM
2025-10-31 14:10:32,881 : INFO : Test_SearchEmployee_params : test_SearchEmployee009 : 38 : entering employee name
2025-10-31 14:10:32,881 : INFO : Test_SearchEmployee_params : test_SearchEmployee009 : 39 : employee name is-->Charles Carter
2025-10-31 14:10:33,070 : INFO : Test_SearchEmployee_params : test_SearchEmployee009 : 42 : entering employee id
2025-10-31 14:10:33,070 : INFO : Test_SearchEmployee_params : test_SearchEmployee009 : 43 : employee id is-->0320
2025-10-31 14:10:33,163 : INFO : Test_SearchEmployee_params : test_SearchEmployee009 : 45 : click on search button
2025-10-31 14:10:38,273 : INFO : Test_SearchEmployee_params : test_SearchEmployee009 : 48 : validate searchemployee status
2025-10-31 14:10:38,438 : INFO : Test_SearchEmployee_params : test_SearchEmployee009 : 51 : Employee is found
2025-10-31 14:10:38,438 : INFO : Test_SearchEmployee_params : test_SearchEmployee009 : 52 : test_SearchEmployee009 is pass
2025-10-31 14:10:38,438 : INFO : Test_SearchEmployee_params : test_SearchEmployee009 : 53 : test_SearchEmployee009 is end
2025-10-31 14:10:38,438 : INFO : Test_SearchEmployee_params : test_SearchEmployee009 : 54 : browser closed
2025-10-31 14:10:47,459 : INFO : Test_SearchEmployee_params : test_SearchEmployee009 : 20 : test_SearchEmployee009 is start
2025-10-31 14:10:47,459 : INFO : Test_SearchEmployee_params : test_SearchEmployee009 : 21 : opening the browser
2025-10-31 14:10:47,460 : INFO : Test_SearchEmployee_params : test_SearchEmployee009 : 24 : enter username
2025-10-31 14:10:47,460 : INFO : Test_SearchEmployee_params : test_SearchEmployee009 : 25 : username is--->Admin
2025-10-31 14:10:49,636 : INFO : Test_SearchEmployee_params : test_SearchEmployee009 : 27 : enter password
2025-10-31 14:10:49,636 : INFO : Test_SearchEmployee_params : test_SearchEmployee009 : 28 : password is--->admin123
2025-10-31 14:10:49,745 : INFO : Test_SearchEmployee_params : test_SearchEmployee009 : 30 : click on login button
2025-10-31 14:10:52,874 : INFO : Test_SearchEmployee_params : test_SearchEmployee009 : 34 : click on PIM
2025-10-31 14:10:56,959 : INFO : Test_SearchEmployee_params : test_SearchEmployee009 : 38 : entering employee name
2025-10-31 14:10:56,959 : INFO : Test_SearchEmployee_params : test_SearchEmployee009 : 39 : employee name is-->Amelia Brown
2025-10-31 14:10:57,189 : INFO : Test_SearchEmployee_params : test_SearchEmployee009 : 42 : entering employee id
2025-10-31 14:10:57,189 : INFO : Test_SearchEmployee_params : test_SearchEmployee009 : 43 : employee id is-->01715
2025-10-31 14:10:57,357 : INFO : Test_SearchEmployee_params : test_SearchEmployee009 : 45 : click on search button
2025-10-31 14:11:02,514 : INFO : Test_SearchEmployee_params : test_SearchEmployee009 : 48 : validate searchemployee status
2025-10-31 14:11:02,699 : INFO : Test_SearchEmployee_params : test_SearchEmployee009 : 51 : Employee is found
2025-10-31 14:11:02,699 : INFO : Test_SearchEmployee_params : test_SearchEmployee009 : 52 : test_SearchEmployee009 is pass
2025-10-31 14:11:02,699 : INFO : Test_SearchEmployee_params : test_SearchEmployee009 : 53 : test_SearchEmployee009 is end
2025-10-31 14:11:02,699 : INFO : Test_SearchEmployee_params : test_SearchEmployee009 : 54 : browser closed

2025-10-31 19:48:59,329 : INFO : Test_SearchEmployees_DTT : test_SearchEmployees_DDT010 : 21 : test_SearchEmployees_DDT010 is start
2025-10-31 19:48:59,334 : INFO : Test_SearchEmployees_DTT : test_SearchEmployees_DDT010 : 22 : opening the browser
2025-10-31 19:48:59,334 : INFO : Test_SearchEmployees_DTT : test_SearchEmployees_DDT010 : 25 : enter username
2025-10-31 19:48:59,334 : INFO : Test_SearchEmployees_DTT : test_SearchEmployees_DDT010 : 26 : username is--->Admin
2025-10-31 19:49:00,774 : INFO : Test_SearchEmployees_DTT : test_SearchEmployees_DDT010 : 28 : enter password
2025-10-31 19:49:00,774 : INFO : Test_SearchEmployees_DTT : test_SearchEmployees_DDT010 : 29 : password is--->admin123
2025-10-31 19:49:00,915 : INFO : Test_SearchEmployees_DTT : test_SearchEmployees_DDT010 : 31 : click on login button
2025-10-31 19:49:04,188 : INFO : Test_SearchEmployees_DTT : test_SearchEmployees_DDT010 : 35 : click on PIM
2025-10-31 19:49:05,867 : INFO : Test_SearchEmployees_DTT : test_SearchEmployees_DDT010 : 39 : Number of rows in our Excel sheet---->5
2025-10-31 19:49:05,892 : INFO : Test_SearchEmployees_DTT : test_SearchEmployees_DDT010 : 47 : entering employee name
2025-10-31 19:49:05,892 : INFO : Test_SearchEmployees_DTT : test_SearchEmployees_DDT010 : 48 : employee name is-->Rakesh D
2025-10-31 19:49:08,790 : INFO : Test_SearchEmployees_DTT : test_SearchEmployees_DDT010 : 51 : entering employee id
2025-10-31 19:49:08,790 : INFO : Test_SearchEmployees_DTT : test_SearchEmployees_DDT010 : 52 : employee id is-->0372
2025-10-31 19:49:11,089 : INFO : Test_SearchEmployees_DTT : test_SearchEmployees_DDT010 : 54 : click on search button
2025-10-31 19:49:11,089 : INFO : Test_SearchEmployees_DTT : test_SearchEmployees_DDT010 : 55 : Employee is found
2025-10-31 19:49:16,227 : INFO : Test_SearchEmployees_DTT : test_SearchEmployees_DDT010 : 47 : entering employee name
2025-10-31 19:49:16,227 : INFO : Test_SearchEmployees_DTT : test_SearchEmployees_DDT010 : 48 : employee name is-->Vijay S
2025-10-31 19:49:18,885 : INFO : Test_SearchEmployees_DTT : test_SearchEmployees_DDT010 : 51 : entering employee id
2025-10-31 19:49:18,885 : INFO : Test_SearchEmployees_DTT : test_SearchEmployees_DDT010 : 52 : employee id is-->0374
2025-10-31 19:49:21,090 : INFO : Test_SearchEmployees_DTT : test_SearchEmployees_DDT010 : 54 : click on search button
2025-10-31 19:49:21,090 : INFO : Test_SearchEmployees_DTT : test_SearchEmployees_DDT010 : 55 : Employee is found
2025-10-31 19:49:26,194 : INFO : Test_SearchEmployees_DTT : test_SearchEmployees_DDT010 : 47 : entering employee name
2025-10-31 19:49:26,194 : INFO : Test_SearchEmployees_DTT : test_SearchEmployees_DDT010 : 48 : employee name is-->Shubham S
2025-10-31 19:49:28,570 : INFO : Test_SearchEmployees_DTT : test_SearchEmployees_DDT010 : 51 : entering employee id
2025-10-31 19:49:28,570 : INFO : Test_SearchEmployees_DTT : test_SearchEmployees_DDT010 : 52 : employee id is-->0375
2025-10-31 19:49:30,935 : INFO : Test_SearchEmployees_DTT : test_SearchEmployees_DDT010 : 54 : click on search button
2025-10-31 19:49:30,935 : INFO : Test_SearchEmployees_DTT : test_SearchEmployees_DDT010 : 55 : Employee is found
2025-10-31 19:49:36,064 : INFO : Test_SearchEmployees_DTT : test_SearchEmployees_DDT010 : 47 : entering employee name
2025-10-31 19:49:36,064 : INFO : Test_SearchEmployees_DTT : test_SearchEmployees_DDT010 : 48 : employee name is-->Samar
2025-10-31 19:49:38,372 : INFO : Test_SearchEmployees_DTT : test_SearchEmployees_DDT010 : 51 : entering employee id
2025-10-31 19:49:38,372 : INFO : Test_SearchEmployees_DTT : test_SearchEmployees_DDT010 : 52 : employee id is-->0379
2025-10-31 19:49:40,657 : INFO : Test_SearchEmployees_DTT : test_SearchEmployees_DDT010 : 54 : click on search button
2025-10-31 19:49:40,657 : INFO : Test_SearchEmployees_DTT : test_SearchEmployees_DDT010 : 55 : Employee is found
2025-10-31 19:49:45,780 : INFO : Test_SearchEmployees_DTT : test_SearchEmployees_DDT010 : 58 : validate searchemployee status
2025-10-31 19:49:45,996 : INFO : Test_SearchEmployees_DTT : test_SearchEmployees_DDT010 : 61 : All Employee is found
2025-10-31 19:49:45,996 : INFO : Test_SearchEmployees_DTT : test_SearchEmployees_DDT010 : 62 : test_SearchEmployees_DDT010 is pass
2025-10-31 19:49:45,996 : INFO : Test_SearchEmployees_DTT : test_SearchEmployees_DDT010 : 63 : test_SearchEmployees_DDT010 is end
2025-10-31 19:49:45,996 : INFO : Test_SearchEmployees_DTT : test_SearchEmployees_DDT010 : 64 : browser closed
2025-11-03 16:08:59,375 : INFO : Test_AddEmployee : test_OrangeAddEmployee005 : 20 : test_OrangeAddEmployee005 is start
2025-11-03 16:08:59,379 : INFO : Test_AddEmployee : test_OrangeAddEmployee005 : 21 : opening the browser
2025-11-03 16:08:59,380 : INFO : Test_AddEmployee : test_OrangeAddEmployee005 : 24 : enter username
2025-11-03 16:08:59,380 : INFO : Test_AddEmployee : test_OrangeAddEmployee005 : 25 : username is--->Admin
2025-11-03 16:09:00,259 : INFO : Test_AddEmployee : test_OrangeAddEmployee005 : 27 : enter password
2025-11-03 16:09:00,259 : INFO : Test_AddEmployee : test_OrangeAddEmployee005 : 28 : password is--->admin123
2025-11-03 16:09:00,450 : INFO : Test_AddEmployee : test_OrangeAddEmployee005 : 30 : click on login button
2025-11-03 16:09:05,160 : INFO : Test_AddEmployee : test_OrangeAddEmployee005 : 34 : click on PIM
2025-11-03 16:09:06,636 : INFO : Test_AddEmployee : test_OrangeAddEmployee005 : 36 : click on ADD Employee
2025-11-03 16:09:08,573 : INFO : Test_AddEmployee : test_OrangeAddEmployee005 : 38 : entering firstname
2025-11-03 16:09:09,393 : INFO : Test_AddEmployee : test_OrangeAddEmployee005 : 40 : entering middlename
2025-11-03 16:09:09,525 : INFO : Test_AddEmployee : test_OrangeAddEmployee005 : 42 : entering lastname
2025-11-03 16:09:09,689 : INFO : Test_AddEmployee : test_OrangeAddEmployee005 : 45 : uploading photo
2025-11-03 16:09:10,205 : INFO : Test_AddEmployee : test_OrangeAddEmployee005 : 47 : click on Createlogdetail toggle
2025-11-03 16:09:10,358 : INFO : Test_AddEmployee : test_OrangeAddEmployee005 : 49 : entering Username
2025-11-03 16:09:10,489 : INFO : Test_AddEmployee : test_OrangeAddEmployee005 : 51 : entering Password
2025-11-03 16:09:10,647 : INFO : Test_AddEmployee : test_OrangeAddEmployee005 : 53 : entering Confirm Password
2025-11-03 16:09:12,797 : INFO : Test_AddEmployee : test_OrangeAddEmployee005 : 56 : click on enable radio button
2025-11-03 16:09:17,042 : INFO : Test_AddEmployee : test_OrangeAddEmployee005 : 59 : click on save button
2025-11-03 16:09:21,205 : INFO : Test_AddEmployee : test_OrangeAddEmployee005 : 62 : validate employeeadd status
2025-11-03 16:09:21,435 : INFO : Test_AddEmployee : test_OrangeAddEmployee005 : 65 : test_OrangeAddEmployee005 is pass
2025-11-03 16:09:21,435 : INFO : Test_AddEmployee : test_OrangeAddEmployee005 : 66 : test_OrangeAddEmployee005 is end
2025-11-03 16:09:21,435 : INFO : Test_AddEmployee : test_OrangeAddEmployee005 : 67 : browser closed
2025-11-03 16:52:46,855 : INFO : Test_AddEmployee : test_OrangeAddEmployee005 : 20 : test_OrangeAddEmployee005 is start
2025-11-03 16:52:46,856 : INFO : Test_AddEmployee : test_OrangeAddEmployee005 : 21 : opening the browser
2025-11-03 16:52:46,856 : INFO : Test_AddEmployee : test_OrangeAddEmployee005 : 24 : enter username
2025-11-03 16:52:46,856 : INFO : Test_AddEmployee : test_OrangeAddEmployee005 : 25 : username is--->Admin
2025-11-03 16:52:48,335 : INFO : Test_AddEmployee : test_OrangeAddEmployee005 : 27 : enter password
2025-11-03 16:52:48,335 : INFO : Test_AddEmployee : test_OrangeAddEmployee005 : 28 : password is--->admin123
2025-11-03 16:52:48,461 : INFO : Test_AddEmployee : test_OrangeAddEmployee005 : 30 : click on login button
2025-11-03 16:52:51,578 : INFO : Test_AddEmployee : test_OrangeAddEmployee005 : 34 : click on PIM
2025-11-03 16:52:53,263 : INFO : Test_AddEmployee : test_OrangeAddEmployee005 : 36 : click on ADD Employee
2025-11-03 16:52:55,378 : INFO : Test_AddEmployee : test_OrangeAddEmployee005 : 38 : entering firstname
2025-11-03 16:52:55,899 : INFO : Test_AddEmployee : test_OrangeAddEmployee005 : 40 : entering middlename
2025-11-03 16:52:56,018 : INFO : Test_AddEmployee : test_OrangeAddEmployee005 : 42 : entering lastname
2025-11-03 16:52:56,150 : INFO : Test_AddEmployee : test_OrangeAddEmployee005 : 45 : uploading photo
2025-11-03 16:52:57,001 : INFO : Test_AddEmployee : test_OrangeAddEmployee005 : 47 : click on Createlogdetail toggle
2025-11-03 16:52:57,149 : INFO : Test_AddEmployee : test_OrangeAddEmployee005 : 49 : entering Username
2025-11-03 16:52:57,273 : INFO : Test_AddEmployee : test_OrangeAddEmployee005 : 51 : entering Password
2025-11-03 16:52:57,411 : INFO : Test_AddEmployee : test_OrangeAddEmployee005 : 53 : entering Confirm Password
2025-11-03 16:52:59,507 : INFO : Test_AddEmployee : test_OrangeAddEmployee005 : 56 : click on enable radio button
2025-11-03 16:53:03,644 : INFO : Test_AddEmployee : test_OrangeAddEmployee005 : 59 : click on save button
2025-11-03 16:53:07,798 : INFO : Test_AddEmployee : test_OrangeAddEmployee005 : 62 : validate employeeadd status
2025-11-03 16:53:13,001 : INFO : Test_AddEmployee : test_OrangeAddEmployee005 : 71 : test_OrangeAddEmployee005 is fail
2025-11-03 16:57:39,708 : INFO : Test_AddEmployee : test_OrangeAddEmployee005 : 20 : test_OrangeAddEmployee005 is start
2025-11-03 16:57:39,708 : INFO : Test_AddEmployee : test_OrangeAddEmployee005 : 21 : opening the browser
2025-11-03 16:57:39,708 : INFO : Test_AddEmployee : test_OrangeAddEmployee005 : 24 : enter username
2025-11-03 16:57:39,708 : INFO : Test_AddEmployee : test_OrangeAddEmployee005 : 25 : username is--->Admin
2025-11-03 16:57:40,462 : INFO : Test_AddEmployee : test_OrangeAddEmployee005 : 27 : enter password
2025-11-03 16:57:40,462 : INFO : Test_AddEmployee : test_OrangeAddEmployee005 : 28 : password is--->admin123
2025-11-03 16:57:40,563 : INFO : Test_AddEmployee : test_OrangeAddEmployee005 : 30 : click on login button
2025-11-03 16:57:43,712 : INFO : Test_AddEmployee : test_OrangeAddEmployee005 : 34 : click on PIM
2025-11-03 16:57:45,788 : INFO : Test_AddEmployee : test_OrangeAddEmployee005 : 36 : click on ADD Employee
2025-11-03 16:57:49,211 : INFO : Test_AddEmployee : test_OrangeAddEmployee005 : 38 : entering firstname
2025-11-03 16:57:49,917 : INFO : Test_AddEmployee : test_OrangeAddEmployee005 : 40 : entering middlename
2025-11-03 16:57:49,989 : INFO : Test_AddEmployee : test_OrangeAddEmployee005 : 42 : entering lastname
2025-11-03 16:57:50,073 : INFO : Test_AddEmployee : test_OrangeAddEmployee005 : 45 : uploading photo
2025-11-03 16:57:51,406 : INFO : Test_AddEmployee : test_OrangeAddEmployee005 : 47 : click on Createlogdetail toggle
2025-11-03 16:57:51,539 : INFO : Test_AddEmployee : test_OrangeAddEmployee005 : 49 : entering Username
2025-11-03 16:57:51,623 : INFO : Test_AddEmployee : test_OrangeAddEmployee005 : 51 : entering Password
2025-11-03 16:57:51,713 : INFO : Test_AddEmployee : test_OrangeAddEmployee005 : 53 : entering Confirm Password
2025-11-03 16:57:53,815 : INFO : Test_AddEmployee : test_OrangeAddEmployee005 : 56 : click on enable radio button
2025-11-03 16:57:57,944 : INFO : Test_AddEmployee : test_OrangeAddEmployee005 : 59 : click on save button
2025-11-03 16:58:02,059 : INFO : Test_AddEmployee : test_OrangeAddEmployee005 : 62 : validate employeeadd status
2025-11-03 16:58:07,238 : INFO : Test_AddEmployee : test_OrangeAddEmployee005 : 71 : test_OrangeAddEmployee005 is fail
2025-11-04 13:33:58,134 : INFO : Test_AddEmployee : test_OrangeAddEmployee005 : 20 : test_OrangeAddEmployee005 is start
2025-11-04 13:33:58,134 : INFO : Test_AddEmployee : test_OrangeAddEmployee005 : 21 : opening the browser
2025-11-04 13:33:58,134 : INFO : Test_AddEmployee : test_OrangeAddEmployee005 : 24 : enter username
2025-11-04 13:33:58,134 : INFO : Test_AddEmployee : test_OrangeAddEmployee005 : 25 : username is--->Admin
2025-11-04 13:33:59,603 : INFO : Test_AddEmployee : test_OrangeAddEmployee005 : 27 : enter password
2025-11-04 13:33:59,603 : INFO : Test_AddEmployee : test_OrangeAddEmployee005 : 28 : password is--->admin123
2025-11-04 13:33:59,775 : INFO : Test_AddEmployee : test_OrangeAddEmployee005 : 30 : click on login button
2025-11-04 13:34:02,913 : INFO : Test_AddEmployee : test_OrangeAddEmployee005 : 34 : click on PIM
2025-11-04 13:34:04,165 : INFO : Test_AddEmployee : test_OrangeAddEmployee005 : 36 : click on ADD Employee
2025-11-04 13:34:05,864 : INFO : Test_AddEmployee : test_OrangeAddEmployee005 : 38 : entering firstname
2025-11-04 13:34:06,667 : INFO : Test_AddEmployee : test_OrangeAddEmployee005 : 40 : entering middlename
2025-11-04 13:34:06,796 : INFO : Test_AddEmployee : test_OrangeAddEmployee005 : 42 : entering lastname
2025-11-04 13:34:06,945 : INFO : Test_AddEmployee : test_OrangeAddEmployee005 : 45 : uploading photo
2025-11-04 13:34:07,052 : INFO : Test_AddEmployee : test_OrangeAddEmployee005 : 47 : click on Createlogdetail toggle
2025-11-04 13:34:07,206 : INFO : Test_AddEmployee : test_OrangeAddEmployee005 : 49 : entering Username
2025-11-04 13:34:07,361 : INFO : Test_AddEmployee : test_OrangeAddEmployee005 : 51 : entering Password
2025-11-04 13:34:07,511 : INFO : Test_AddEmployee : test_OrangeAddEmployee005 : 53 : entering Confirm Password
2025-11-04 13:34:09,775 : INFO : Test_AddEmployee : test_OrangeAddEmployee005 : 56 : click on enable radio button
2025-11-04 13:34:13,943 : INFO : Test_AddEmployee : test_OrangeAddEmployee005 : 59 : click on save button
2025-11-04 13:34:18,125 : INFO : Test_AddEmployee : test_OrangeAddEmployee005 : 62 : validate employeeadd status
2025-11-04 13:34:18,390 : INFO : Test_AddEmployee : test_OrangeAddEmployee005 : 65 : test_OrangeAddEmployee005 is pass
2025-11-04 13:34:18,390 : INFO : Test_AddEmployee : test_OrangeAddEmployee005 : 66 : test_OrangeAddEmployee005 is end
2025-11-04 13:34:18,390 : INFO : Test_AddEmployee : test_OrangeAddEmployee005 : 67 : browser closed
